<?xml version="1.0" encoding="UTF-8"?>
<!-- Generated by org.testng.reporters.JUnitXMLReporter -->
<testsuite hostname="LAPTOP-VT80RB39" ignored="0" name="Test" tests="4" failures="0" timestamp="2020-04-11T12:27:53 IST" time="0.058" errors="0">
  <testcase name="Search" time="0.006" classname="com.google.SearchResultTest"/>
  <testcase name="Search2" time="0.001" classname="com.google.SearchResultTest"/>
  <testcase name="Landing" time="0.002" classname="com.google.LandingPageTest"/>
  <testcase name="Landing1" time="0.002" classname="com.google.LandingPageTest"/>
</testsuite> <!-- Test -->
