<?xml version="1.0" encoding="UTF-8"?>
<testng-results skipped="0" failed="0" ignored="0" total="4" passed="4">
  <reporter-output>
  </reporter-output>
  <suite name="Suite" duration-ms="58" started-at="2020-04-11T12:27:53 IST" finished-at="2020-04-11T12:27:53 IST">
    <groups>
    </groups>
    <test name="Test" duration-ms="58" started-at="2020-04-11T12:27:53 IST" finished-at="2020-04-11T12:27:53 IST">
      <class name="com.google.SearchResultTest">
        <test-method status="PASS" signature="Search()[pri:0, instance:com.google.SearchResultTest@161479c6]" name="Search" duration-ms="6" started-at="2020-04-11T12:27:53 IST" finished-at="2020-04-11T12:27:53 IST">
          <reporter-output>
          </reporter-output>
        </test-method> <!-- Search -->
        <test-method status="PASS" signature="Search2()[pri:0, instance:com.google.SearchResultTest@161479c6]" name="Search2" duration-ms="1" started-at="2020-04-11T12:27:53 IST" finished-at="2020-04-11T12:27:53 IST">
          <reporter-output>
          </reporter-output>
        </test-method> <!-- Search2 -->
      </class> <!-- com.google.SearchResultTest -->
      <class name="com.google.LandingPageTest">
        <test-method status="PASS" signature="Landing()[pri:0, instance:com.google.LandingPageTest@4313f5bc]" name="Landing" duration-ms="2" started-at="2020-04-11T12:27:53 IST" finished-at="2020-04-11T12:27:53 IST">
          <reporter-output>
          </reporter-output>
        </test-method> <!-- Landing -->
        <test-method status="PASS" signature="Landing1()[pri:0, instance:com.google.LandingPageTest@4313f5bc]" name="Landing1" duration-ms="2" started-at="2020-04-11T12:27:53 IST" finished-at="2020-04-11T12:27:53 IST">
          <reporter-output>
          </reporter-output>
        </test-method> <!-- Landing1 -->
      </class> <!-- com.google.LandingPageTest -->
    </test> <!-- Test -->
  </suite> <!-- Suite -->
</testng-results>
